CXX src/caffe/layers/image_data_layer.cpp
In file included from ./include/caffe/common.hpp:6:0,
                 from ./include/caffe/blob.hpp:8,
                 from ./include/caffe/data_transformer.hpp:6,
                 from src/caffe/layers/image_data_layer.cpp:10:
/usr/include/glog/logging.h: In instantiation of ‘std::string* google::Check_EQImpl(const T1&, const T2&, const char*) [with T1 = int; T2 = std::vector<int>; std::string = std::basic_string<char>]’:
src/caffe/layers/image_data_layer.cpp:178:5:   required from ‘void caffe::ImageDataLayer<Dtype>::load_batch(caffe::Batch<Dtype>*) [with Dtype = float]’
src/caffe/layers/image_data_layer.cpp:201:1:   required from here
/usr/include/glog/logging.h:694:1: error: no match for ‘operator==’ (operand types are ‘const int’ and ‘const std::vector<int>’)
 DEFINE_CHECK_OP_IMPL(Check_EQ, ==)  // Compilation error with CHECK_EQ(NULL, x)?
 ^
/usr/include/glog/logging.h:694:1: note: candidates are:
In file included from /usr/include/c++/4.8/stack:61:0,
                 from /usr/include/boost/filesystem/operations.hpp:42,
                 from /usr/include/boost/filesystem.hpp:17,
                 from ./include/caffe/util/io.hpp:4,
                 from src/caffe/layers/image_data_layer.cpp:14:
/usr/include/c++/4.8/bits/stl_stack.h:243:5: note: template<class _Tp, class _Seq> bool std::operator==(const std::stack<_Tp, _Seq>&, const std::stack<_Tp, _Seq>&)
     operator==(const stack<_Tp, _Seq>& __x, const stack<_Tp, _Seq>& __y)
     ^
/usr/include/c++/4.8/bits/stl_stack.h:243:5: note:   template argument deduction/substitution failed:
In file included from ./include/caffe/common.hpp:6:0,
                 from ./include/caffe/blob.hpp:8,
                 from ./include/caffe/data_transformer.hpp:6,
                 from src/caffe/layers/image_data_layer.cpp:10:
/usr/include/glog/logging.h:694:1: note:   mismatched types ‘const std::stack<_Tp, _Seq>’ and ‘const int’
 DEFINE_CHECK_OP_IMPL(Check_EQ, ==)  // Compilation error with CHECK_EQ(NULL, x)?
 ^
In file included from /usr/include/c++/4.8/list:63:0,
                 from /usr/include/boost/filesystem/path_traits.hpp:27,
                 from /usr/include/boost/filesystem/path.hpp:25,
                 from /usr/include/boost/filesystem.hpp:16,
                 from ./include/caffe/util/io.hpp:4,
                 from src/caffe/layers/image_data_layer.cpp:14:
/usr/include/c++/4.8/bits/stl_list.h:1602:5: note: template<class _Tp, class _Alloc> bool std::operator==(const std::list<_Tp, _Alloc>&, const std::list<_Tp, _Alloc>&)
     operator==(const list<_Tp, _Alloc>& __x, const list<_Tp, _Alloc>& __y)
     ^
/usr/include/c++/4.8/bits/stl_list.h:1602:5: note:   template argument deduction/substitution failed:
In file included from ./include/caffe/common.hpp:6:0,
                 from ./include/caffe/blob.hpp:8,
                 from ./include/caffe/data_transformer.hpp:6,
                 from src/caffe/layers/image_data_layer.cpp:10:
/usr/include/glog/logging.h:694:1: note:   mismatched types ‘const std::list<_Tp, _Alloc>’ and ‘const int’
 DEFINE_CHECK_OP_IMPL(Check_EQ, ==)  // Compilation error with CHECK_EQ(NULL, x)?
 ^
In file included from /usr/include/c++/4.8/list:63:0,
                 from /usr/include/boost/filesystem/path_traits.hpp:27,
                 from /usr/include/boost/filesystem/path.hpp:25,
                 from /usr/include/boost/filesystem.hpp:16,
                 from ./include/caffe/util/io.hpp:4,
                 from src/caffe/layers/image_data_layer.cpp:14:
/usr/include/c++/4.8/bits/stl_list.h:276:5: note: template<class _Val> bool std::operator==(const std::_List_iterator<_Tp>&, const std::_List_const_iterator<_Val>&)
     operator==(const _List_iterator<_Val>& __x,
     ^
/usr/include/c++/4.8/bits/stl_list.h:276:5: note:   template argument deduction/substitution failed:
In file included from ./include/caffe/common.hpp:6:0,
                 from ./include/caffe/blob.hpp:8,
                 from ./include/caffe/data_transformer.hpp:6,
                 from src/caffe/layers/image_data_layer.cpp:10:
/usr/include/glog/logging.h:694:1: note:   mismatched types ‘const std::_List_iterator<_Tp>’ and ‘const int’
 DEFINE_CHECK_OP_IMPL(Check_EQ, ==)  // Compilation error with CHECK_EQ(NULL, x)?
 ^
In file included from /usr/include/c++/4.8/queue:64:0,
                 from ./include/caffe/util/blocking_queue.hpp:4,
                 from ./include/caffe/layers/base_data_layer.hpp:11,
                 from src/caffe/layers/image_data_layer.cpp:11:
/usr/include/c++/4.8/bits/stl_queue.h:268:5: note: template<class _Tp, class _Seq> bool std::operator==(const std::queue<_Tp, _Seq>&, const std::queue<_Tp, _Seq>&)
     operator==(const queue<_Tp, _Seq>& __x, const queue<_Tp, _Seq>& __y)
     ^
/usr/include/c++/4.8/bits/stl_queue.h:268:5: note:   template argument deduction/substitution failed:
In file included from ./include/caffe/common.hpp:6:0,
                 from ./include/caffe/blob.hpp:8,
                 from ./include/caffe/data_transformer.hpp:6,
                 from src/caffe/layers/image_data_layer.cpp:10:
/usr/include/glog/logging.h:694:1: note:   mismatched types ‘const std::queue<_Tp, _Seq>’ and ‘const int’
 DEFINE_CHECK_OP_IMPL(Check_EQ, ==)  // Compilation error with CHECK_EQ(NULL, x)?
 ^
In file included from /usr/include/c++/4.8/deque:64:0,
                 from /usr/include/c++/4.8/queue:60,
                 from ./include/caffe/util/blocking_queue.hpp:4,
                 from ./include/caffe/layers/base_data_layer.hpp:11,
                 from src/caffe/layers/image_data_layer.cpp:11:
/usr/include/c++/4.8/bits/stl_deque.h:1957:5: note: template<class _Tp, class _Alloc> bool std::operator==(const std::deque<_Tp, _Alloc>&, const std::deque<_Tp, _Alloc>&)
     operator==(const deque<_Tp, _Alloc>& __x,
     ^
/usr/include/c++/4.8/bits/stl_deque.h:1957:5: note:   template argument deduction/substitution failed:
In file included from ./include/caffe/common.hpp:6:0,
                 from ./include/caffe/blob.hpp:8,
                 from ./include/caffe/data_transformer.hpp:6,
                 from src/caffe/layers/image_data_layer.cpp:10:
/usr/include/glog/logging.h:694:1: note:   mismatched types ‘const std::deque<_Tp, _Alloc>’ and ‘const int’
 DEFINE_CHECK_OP_IMPL(Check_EQ, ==)  // Compilation error with CHECK_EQ(NULL, x)?
 ^
In file included from /usr/include/c++/4.8/deque:64:0,
                 from /usr/include/c++/4.8/queue:60,
                 from ./include/caffe/util/blocking_queue.hpp:4,
                 from ./include/caffe/layers/base_data_layer.hpp:11,
                 from src/caffe/layers/image_data_layer.cpp:11:
/usr/include/c++/4.8/bits/stl_deque.h:254:5: note: template<class _Tp, class _RefL, class _PtrL, class _RefR, class _PtrR> bool std::operator==(const std::_Deque_iterator<_Tp, _Ref, _Ptr>&, const std::_Deque_iterator<_Tp, _RefR, _PtrR>&)
     operator==(const _Deque_iterator<_Tp, _RefL, _PtrL>& __x,
     ^
/usr/include/c++/4.8/bits/stl_deque.h:254:5: note:   template argument deduction/substitution failed:
In file included from ./include/caffe/common.hpp:6:0,
                 from ./include/caffe/blob.hpp:8,
                 from ./include/caffe/data_transformer.hpp:6,
                 from src/caffe/layers/image_data_layer.cpp:10:
/usr/include/glog/logging.h:694:1: note:   mismatched types ‘const std::_Deque_iterator<_Tp, _Ref, _Ptr>’ and ‘const int’
 DEFINE_CHECK_OP_IMPL(Check_EQ, ==)  // Compilation error with CHECK_EQ(NULL, x)?
 ^
In file included from /usr/include/c++/4.8/deque:64:0,
                 from /usr/include/c++/4.8/queue:60,
                 from ./include/caffe/util/blocking_queue.hpp:4,
                 from ./include/caffe/layers/base_data_layer.hpp:11,
                 from src/caffe/layers/image_data_layer.cpp:11:
/usr/include/c++/4.8/bits/stl_deque.h:247:5: note: template<class _Tp, class _Ref, class _Ptr> bool std::operator==(const std::_Deque_iterator<_Tp, _Ref, _Ptr>&, const std::_Deque_iterator<_Tp, _Ref, _Ptr>&)
     operator==(const _Deque_iterator<_Tp, _Ref, _Ptr>& __x,
     ^
/usr/include/c++/4.8/bits/stl_deque.h:247:5: note:   template argument deduction/substitution failed:
In file included from ./include/caffe/common.hpp:6:0,
                 from ./include/caffe/blob.hpp:8,
                 from ./include/caffe/data_transformer.hpp:6,
                 from src/caffe/layers/image_data_layer.cpp:10:
/usr/include/glog/logging.h:694:1: note:   mismatched types ‘const std::_Deque_iterator<_Tp, _Ref, _Ptr>’ and ‘const int’
 DEFINE_CHECK_OP_IMPL(Check_EQ, ==)  // Compilation error with CHECK_EQ(NULL, x)?
 ^
In file included from /usr/include/c++/4.8/iterator:66:0,
                 from /usr/include/google/protobuf/repeated_field.h:51,
                 from .build_release/src/caffe/proto/caffe.pb.h:24,
                 from ./include/caffe/util/cudnn.hpp:8,
                 from ./include/caffe/util/device_alternate.hpp:40,
                 from ./include/caffe/common.hpp:19,
                 from ./include/caffe/blob.hpp:8,
                 from ./include/caffe/data_transformer.hpp:6,
                 from src/caffe/layers/image_data_layer.cpp:10:
/usr/include/c++/4.8/bits/stream_iterator.h:130:5: note: template<class _Tp, class _CharT, class _Traits, class _Dist> bool std::operator==(const std::istream_iterator<_Tp, _CharT, _Traits, _Dist>&, const std::istream_iterator<_Tp, _CharT, _Traits, _Dist>&)
     operator==(const istream_iterator<_Tp, _CharT, _Traits, _Dist>& __x,
     ^
/usr/include/c++/4.8/bits/stream_iterator.h:130:5: note:   template argument deduction/substitution failed:
In file included from ./include/caffe/common.hpp:6:0,
                 from ./include/caffe/blob.hpp:8,
                 from ./include/caffe/data_transformer.hpp:6,
                 from src/caffe/layers/image_data_layer.cpp:10:
/usr/include/glog/logging.h:694:1: note:   mismatched types ‘const std::istream_iterator<_Tp, _CharT, _Traits, _Dist>’ and ‘const int’
 DEFINE_CHECK_OP_IMPL(Check_EQ, ==)  // Compilation error with CHECK_EQ(NULL, x)?
 ^
In file included from /usr/include/c++/4.8/set:62:0,
                 from ./include/caffe/common.hpp:13,
                 from ./include/caffe/blob.hpp:8,
                 from ./include/caffe/data_transformer.hpp:6,
                 from src/caffe/layers/image_data_layer.cpp:10:
/usr/include/c++/4.8/bits/stl_multiset.h:739:5: note: template<class _Key, class _Compare, class _Alloc> bool std::operator==(const std::multiset<_Key, _Compare, _Alloc>&, const std::multiset<_Key, _Compare, _Alloc>&)
     operator==(const multiset<_Key, _Compare, _Alloc>& __x,
     ^
/usr/include/c++/4.8/bits/stl_multiset.h:739:5: note:   template argument deduction/substitution failed:
In file included from ./include/caffe/common.hpp:6:0,
                 from ./include/caffe/blob.hpp:8,
                 from ./include/caffe/data_transformer.hpp:6,
                 from src/caffe/layers/image_data_layer.cpp:10:
/usr/include/glog/logging.h:694:1: note:   mismatched types ‘const std::multiset<_Key, _Compare, _Alloc>’ and ‘const int’
 DEFINE_CHECK_OP_IMPL(Check_EQ, ==)  // Compilation error with CHECK_EQ(NULL, x)?
 ^
In file included from /usr/include/c++/4.8/set:61:0,
                 from ./include/caffe/common.hpp:13,
                 from ./include/caffe/blob.hpp:8,
                 from ./include/caffe/data_transformer.hpp:6,
                 from src/caffe/layers/image_data_layer.cpp:10:
/usr/include/c++/4.8/bits/stl_set.h:754:5: note: template<class _Key, class _Compare, class _Alloc> bool std::operator==(const std::set<_Key, _Compare, _Alloc>&, const std::set<_Key, _Compare, _Alloc>&)
     operator==(const set<_Key, _Compare, _Alloc>& __x,
     ^
/usr/include/c++/4.8/bits/stl_set.h:754:5: note:   template argument deduction/substitution failed:
In file included from ./include/caffe/common.hpp:6:0,
                 from ./include/caffe/blob.hpp:8,
                 from ./include/caffe/data_transformer.hpp:6,
                 from src/caffe/layers/image_data_layer.cpp:10:
/usr/include/glog/logging.h:694:1: note:   mismatched types ‘const std::set<_Key, _Compare, _Alloc>’ and ‘const int’
 DEFINE_CHECK_OP_IMPL(Check_EQ, ==)  // Compilation error with CHECK_EQ(NULL, x)?
 ^
In file included from /usr/include/c++/4.8/vector:64:0,
                 from /usr/local/include/opencv2/core/core.hpp:63,
                 from src/caffe/layers/image_data_layer.cpp:2:
/usr/include/c++/4.8/bits/stl_vector.h:1404:5: note: template<class _Tp, class _Alloc> bool std::operator==(const std::vector<_Tp, _Alloc>&, const std::vector<_Tp, _Alloc>&)
     operator==(const vector<_Tp, _Alloc>& __x, const vector<_Tp, _Alloc>& __y)
     ^
/usr/include/c++/4.8/bits/stl_vector.h:1404:5: note:   template argument deduction/substitution failed:
In file included from ./include/caffe/common.hpp:6:0,
                 from ./include/caffe/blob.hpp:8,
                 from ./include/caffe/data_transformer.hpp:6,
                 from src/caffe/layers/image_data_layer.cpp:10:
/usr/include/glog/logging.h:694:1: note:   mismatched types ‘const std::vector<_Tp, _Alloc>’ and ‘const int’
 DEFINE_CHECK_OP_IMPL(Check_EQ, ==)  // Compilation error with CHECK_EQ(NULL, x)?
 ^
In file included from /usr/include/c++/4.8/map:62:0,
                 from /usr/local/include/opencv2/core/core.hpp:60,
                 from src/caffe/layers/image_data_layer.cpp:2:
/usr/include/c++/4.8/bits/stl_multimap.h:864:5: note: template<class _Key, class _Tp, class _Compare, class _Alloc> bool std::operator==(const std::multimap<_Key, _Tp, _Compare, _Alloc>&, const std::multimap<_Key, _Tp, _Compare, _Alloc>&)
     operator==(const multimap<_Key, _Tp, _Compare, _Alloc>& __x,
     ^
/usr/include/c++/4.8/bits/stl_multimap.h:864:5: note:   template argument deduction/substitution failed:
In file included from ./include/caffe/common.hpp:6:0,
                 from ./include/caffe/blob.hpp:8,
                 from ./include/caffe/data_transformer.hpp:6,
                 from src/caffe/layers/image_data_layer.cpp:10:
/usr/include/glog/logging.h:694:1: note:   mismatched types ‘const std::multimap<_Key, _Tp, _Compare, _Alloc>’ and ‘const int’
 DEFINE_CHECK_OP_IMPL(Check_EQ, ==)  // Compilation error with CHECK_EQ(NULL, x)?
 ^
In file included from /usr/include/c++/4.8/map:61:0,
                 from /usr/local/include/opencv2/core/core.hpp:60,
                 from src/caffe/layers/image_data_layer.cpp:2:
/usr/include/c++/4.8/bits/stl_map.h:962:5: note: template<class _Key, class _Tp, class _Compare, class _Alloc> bool std::operator==(const std::map<_Key, _Tp, _Compare, _Alloc>&, const std::map<_Key, _Tp, _Compare, _Alloc>&)
     operator==(const map<_Key, _Tp, _Compare, _Alloc>& __x,
     ^
/usr/include/c++/4.8/bits/stl_map.h:962:5: note:   template argument deduction/substitution failed:
In file included from ./include/caffe/common.hpp:6:0,
                 from ./include/caffe/blob.hpp:8,
                 from ./include/caffe/data_transformer.hpp:6,
                 from src/caffe/layers/image_data_layer.cpp:10:
/usr/include/glog/logging.h:694:1: note:   mismatched types ‘const std::map<_Key, _Tp, _Compare, _Alloc>’ and ‘const int’
 DEFINE_CHECK_OP_IMPL(Check_EQ, ==)  // Compilation error with CHECK_EQ(NULL, x)?
 ^
In file included from /usr/include/c++/4.8/map:60:0,
                 from /usr/local/include/opencv2/core/core.hpp:60,
                 from src/caffe/layers/image_data_layer.cpp:2:
/usr/include/c++/4.8/bits/stl_tree.h:907:5: note: template<class _Key, class _Val, class _KeyOfValue, class _Compare, class _Alloc> bool std::operator==(const std::_Rb_tree<_Key, _Val, _KeyOfValue, _Compare, _Alloc>&, const std::_Rb_tree<_Key, _Val, _KeyOfValue, _Compare, _Alloc>&)
     operator==(const _Rb_tree<_Key, _Val, _KeyOfValue, _Compare, _Alloc>& __x,
     ^
/usr/include/c++/4.8/bits/stl_tree.h:907:5: note:   template argument deduction/substitution failed:
In file included from ./include/caffe/common.hpp:6:0,
                 from ./include/caffe/blob.hpp:8,
                 from ./include/caffe/data_transformer.hpp:6,
                 from src/caffe/layers/image_data_layer.cpp:10:
/usr/include/glog/logging.h:694:1: note:   mismatched types ‘const std::_Rb_tree<_Key, _Val, _KeyOfValue, _Compare, _Alloc>’ and ‘const int’
 DEFINE_CHECK_OP_IMPL(Check_EQ, ==)  // Compilation error with CHECK_EQ(NULL, x)?
 ^
In file included from /usr/include/c++/4.8/map:60:0,
                 from /usr/local/include/opencv2/core/core.hpp:60,
                 from src/caffe/layers/image_data_layer.cpp:2:
/usr/include/c++/4.8/bits/stl_tree.h:310:5: note: template<class _Val> bool std::operator==(const std::_Rb_tree_iterator<_Tp>&, const std::_Rb_tree_const_iterator<_Val>&)
     operator==(const _Rb_tree_iterator<_Val>& __x,
     ^
/usr/include/c++/4.8/bits/stl_tree.h:310:5: note:   template argument deduction/substitution failed:
In file included from ./include/caffe/common.hpp:6:0,
                 from ./include/caffe/blob.hpp:8,
                 from ./include/caffe/data_transformer.hpp:6,
                 from src/caffe/layers/image_data_layer.cpp:10:
/usr/include/glog/logging.h:694:1: note:   mismatched types ‘const std::_Rb_tree_iterator<_Tp>’ and ‘const int’
 DEFINE_CHECK_OP_IMPL(Check_EQ, ==)  // Compilation error with CHECK_EQ(NULL, x)?
 ^
In file included from /usr/local/include/opencv2/core/core.hpp:59:0,
                 from src/caffe/layers/image_data_layer.cpp:2:
/usr/include/c++/4.8/complex:466:5: note: template<class _Tp> bool std::operator==(const _Tp&, const std::complex<_Tp>&)
     operator==(const _Tp& __x, const complex<_Tp>& __y)
     ^
/usr/include/c++/4.8/complex:466:5: note:   template argument deduction/substitution failed:
In file included from ./include/caffe/common.hpp:6:0,
                 from ./include/caffe/blob.hpp:8,
                 from ./include/caffe/data_transformer.hpp:6,
                 from src/caffe/layers/image_data_layer.cpp:10:
/usr/include/glog/logging.h:694:1: note:   ‘const std::vector<int>’ is not derived from ‘const std::complex<_Tp>’
 DEFINE_CHECK_OP_IMPL(Check_EQ, ==)  // Compilation error with CHECK_EQ(NULL, x)?
 ^
In file included from /usr/local/include/opencv2/core/core.hpp:59:0,
                 from src/caffe/layers/image_data_layer.cpp:2:
/usr/include/c++/4.8/complex:461:5: note: template<class _Tp> bool std::operator==(const std::complex<_Tp>&, const _Tp&)
     operator==(const complex<_Tp>& __x, const _Tp& __y)
     ^
/usr/include/c++/4.8/complex:461:5: note:   template argument deduction/substitution failed:
In file included from ./include/caffe/common.hpp:6:0,
                 from ./include/caffe/blob.hpp:8,
                 from ./include/caffe/data_transformer.hpp:6,
                 from src/caffe/layers/image_data_layer.cpp:10:
/usr/include/glog/logging.h:694:1: note:   mismatched types ‘const std::complex<_Tp>’ and ‘const int’
 DEFINE_CHECK_OP_IMPL(Check_EQ, ==)  // Compilation error with CHECK_EQ(NULL, x)?
 ^
In file included from /usr/local/include/opencv2/core/core.hpp:59:0,
                 from src/caffe/layers/image_data_layer.cpp:2:
/usr/include/c++/4.8/complex:456:5: note: template<class _Tp> bool std::operator==(const std::complex<_Tp>&, const std::complex<_Tp>&)
     operator==(const complex<_Tp>& __x, const complex<_Tp>& __y)
     ^
/usr/include/c++/4.8/complex:456:5: note:   template argument deduction/substitution failed:
In file included from ./include/caffe/common.hpp:6:0,
                 from ./include/caffe/blob.hpp:8,
                 from ./include/caffe/data_transformer.hpp:6,
                 from src/caffe/layers/image_data_layer.cpp:10:
/usr/include/glog/logging.h:694:1: note:   mismatched types ‘const std::complex<_Tp>’ and ‘const int’
 DEFINE_CHECK_OP_IMPL(Check_EQ, ==)  // Compilation error with CHECK_EQ(NULL, x)?
 ^
In file included from /usr/include/c++/4.8/bits/locale_facets.h:48:0,
                 from /usr/include/c++/4.8/bits/basic_ios.h:37,
                 from /usr/include/c++/4.8/ios:44,
                 from /usr/include/c++/4.8/istream:38,
                 from /usr/include/c++/4.8/sstream:38,
                 from /usr/include/c++/4.8/complex:45,
                 from /usr/local/include/opencv2/core/core.hpp:59,
                 from src/caffe/layers/image_data_layer.cpp:2:
/usr/include/c++/4.8/bits/streambuf_iterator.h:204:5: note: template<class _CharT, class _Traits> bool std::operator==(const std::istreambuf_iterator<_CharT, _Traits>&, const std::istreambuf_iterator<_CharT, _Traits>&)
     operator==(const istreambuf_iterator<_CharT, _Traits>& __a,
     ^
/usr/include/c++/4.8/bits/streambuf_iterator.h:204:5: note:   template argument deduction/substitution failed:
In file included from ./include/caffe/common.hpp:6:0,
                 from ./include/caffe/blob.hpp:8,
                 from ./include/caffe/data_transformer.hpp:6,
                 from src/caffe/layers/image_data_layer.cpp:10:
/usr/include/glog/logging.h:694:1: note:   mismatched types ‘const std::istreambuf_iterator<_CharT, _Traits>’ and ‘const int’
 DEFINE_CHECK_OP_IMPL(Check_EQ, ==)  // Compilation error with CHECK_EQ(NULL, x)?
 ^
In file included from /usr/include/c++/4.8/string:52:0,
                 from /usr/include/c++/4.8/bits/locale_classes.h:40,
                 from /usr/include/c++/4.8/bits/ios_base.h:41,
                 from /usr/include/c++/4.8/ios:42,
                 from /usr/include/c++/4.8/istream:38,
                 from /usr/include/c++/4.8/sstream:38,
                 from /usr/include/c++/4.8/complex:45,
                 from /usr/local/include/opencv2/core/core.hpp:59,
                 from src/caffe/layers/image_data_layer.cpp:2:
/usr/include/c++/4.8/bits/basic_string.h:2519:5: note: template<class _CharT, class _Traits, class _Alloc> bool std::operator==(const std::basic_string<_CharT, _Traits, _Alloc>&, const _CharT*)
     operator==(const basic_string<_CharT, _Traits, _Alloc>& __lhs,
     ^
/usr/include/c++/4.8/bits/basic_string.h:2519:5: note:   template argument deduction/substitution failed:
In file included from ./include/caffe/common.hpp:6:0,
                 from ./include/caffe/blob.hpp:8,
                 from ./include/caffe/data_transformer.hpp:6,
                 from src/caffe/layers/image_data_layer.cpp:10:
/usr/include/glog/logging.h:694:1: note:   mismatched types ‘const std::basic_string<_CharT, _Traits, _Alloc>’ and ‘const int’
 DEFINE_CHECK_OP_IMPL(Check_EQ, ==)  // Compilation error with CHECK_EQ(NULL, x)?
 ^
In file included from /usr/include/c++/4.8/string:52:0,
                 from /usr/include/c++/4.8/bits/locale_classes.h:40,
                 from /usr/include/c++/4.8/bits/ios_base.h:41,
                 from /usr/include/c++/4.8/ios:42,
                 from /usr/include/c++/4.8/istream:38,
                 from /usr/include/c++/4.8/sstream:38,
                 from /usr/include/c++/4.8/complex:45,
                 from /usr/local/include/opencv2/core/core.hpp:59,
                 from src/caffe/layers/image_data_layer.cpp:2:
/usr/include/c++/4.8/bits/basic_string.h:2507:5: note: template<class _CharT, class _Traits, class _Alloc> bool std::operator==(const _CharT*, const std::basic_string<_CharT, _Traits, _Alloc>&)
     operator==(const _CharT* __lhs,
     ^
/usr/include/c++/4.8/bits/basic_string.h:2507:5: note:   template argument deduction/substitution failed:
In file included from ./include/caffe/common.hpp:6:0,
                 from ./include/caffe/blob.hpp:8,
                 from ./include/caffe/data_transformer.hpp:6,
                 from src/caffe/layers/image_data_layer.cpp:10:
/usr/include/glog/logging.h:694:1: note:   mismatched types ‘const _CharT*’ and ‘int’
 DEFINE_CHECK_OP_IMPL(Check_EQ, ==)  // Compilation error with CHECK_EQ(NULL, x)?
 ^
In file included from /usr/include/c++/4.8/string:52:0,
                 from /usr/include/c++/4.8/bits/locale_classes.h:40,
                 from /usr/include/c++/4.8/bits/ios_base.h:41,
                 from /usr/include/c++/4.8/ios:42,
                 from /usr/include/c++/4.8/istream:38,
                 from /usr/include/c++/4.8/sstream:38,
                 from /usr/include/c++/4.8/complex:45,
                 from /usr/local/include/opencv2/core/core.hpp:59,
                 from src/caffe/layers/image_data_layer.cpp:2:
/usr/include/c++/4.8/bits/basic_string.h:2493:5: note: template<class _CharT> typename __gnu_cxx::__enable_if<std::__is_char<_Tp>::__value, bool>::__type std::operator==(const std::basic_string<_CharT>&, const std::basic_string<_CharT>&)
     operator==(const basic_string<_CharT>& __lhs,
     ^
/usr/include/c++/4.8/bits/basic_string.h:2493:5: note:   template argument deduction/substitution failed:
In file included from ./include/caffe/common.hpp:6:0,
                 from ./include/caffe/blob.hpp:8,
                 from ./include/caffe/data_transformer.hpp:6,
                 from src/caffe/layers/image_data_layer.cpp:10:
/usr/include/glog/logging.h:694:1: note:   mismatched types ‘const std::basic_string<_CharT>’ and ‘const int’
 DEFINE_CHECK_OP_IMPL(Check_EQ, ==)  // Compilation error with CHECK_EQ(NULL, x)?
 ^
In file included from /usr/include/c++/4.8/string:52:0,
                 from /usr/include/c++/4.8/bits/locale_classes.h:40,
                 from /usr/include/c++/4.8/bits/ios_base.h:41,
                 from /usr/include/c++/4.8/ios:42,
                 from /usr/include/c++/4.8/istream:38,
                 from /usr/include/c++/4.8/sstream:38,
                 from /usr/include/c++/4.8/complex:45,
                 from /usr/local/include/opencv2/core/core.hpp:59,
                 from src/caffe/layers/image_data_layer.cpp:2:
/usr/include/c++/4.8/bits/basic_string.h:2486:5: note: template<class _CharT, class _Traits, class _Alloc> bool std::operator==(const std::basic_string<_CharT, _Traits, _Alloc>&, const std::basic_string<_CharT, _Traits, _Alloc>&)
     operator==(const basic_string<_CharT, _Traits, _Alloc>& __lhs,
     ^
/usr/include/c++/4.8/bits/basic_string.h:2486:5: note:   template argument deduction/substitution failed:
In file included from ./include/caffe/common.hpp:6:0,
                 from ./include/caffe/blob.hpp:8,
                 from ./include/caffe/data_transformer.hpp:6,
                 from src/caffe/layers/image_data_layer.cpp:10:
/usr/include/glog/logging.h:694:1: note:   mismatched types ‘const std::basic_string<_CharT, _Traits, _Alloc>’ and ‘const int’
 DEFINE_CHECK_OP_IMPL(Check_EQ, ==)  // Compilation error with CHECK_EQ(NULL, x)?
 ^
In file included from /usr/include/c++/4.8/iosfwd:40:0,
                 from /usr/include/c++/4.8/ios:38,
                 from /usr/include/c++/4.8/istream:38,
                 from /usr/include/c++/4.8/sstream:38,
                 from /usr/include/c++/4.8/complex:45,
                 from /usr/local/include/opencv2/core/core.hpp:59,
                 from src/caffe/layers/image_data_layer.cpp:2:
/usr/include/c++/4.8/bits/postypes.h:216:5: note: template<class _StateT> bool std::operator==(const std::fpos<_StateT>&, const std::fpos<_StateT>&)
     operator==(const fpos<_StateT>& __lhs, const fpos<_StateT>& __rhs)
     ^
/usr/include/c++/4.8/bits/postypes.h:216:5: note:   template argument deduction/substitution failed:
In file included from ./include/caffe/common.hpp:6:0,
                 from ./include/caffe/blob.hpp:8,
                 from ./include/caffe/data_transformer.hpp:6,
                 from src/caffe/layers/image_data_layer.cpp:10:
/usr/include/glog/logging.h:694:1: note:   mismatched types ‘const std::fpos<_StateT>’ and ‘const int’
 DEFINE_CHECK_OP_IMPL(Check_EQ, ==)  // Compilation error with CHECK_EQ(NULL, x)?
 ^
In file included from /usr/include/c++/4.8/ext/alloc_traits.h:38:0,
                 from /usr/include/c++/4.8/bits/stl_construct.h:61,
                 from /usr/include/c++/4.8/bits/stl_tempbuf.h:60,
                 from /usr/include/c++/4.8/bits/stl_algo.h:62,
                 from /usr/include/c++/4.8/algorithm:62,
                 from /usr/local/include/opencv2/core/core.hpp:56,
                 from src/caffe/layers/image_data_layer.cpp:2:
/usr/include/c++/4.8/bits/allocator.h:133:5: note: template<class _Tp> bool std::operator==(const std::allocator<_Tp1>&, const std::allocator<_Tp1>&)
     operator==(const allocator<_Tp>&, const allocator<_Tp>&)
     ^
/usr/include/c++/4.8/bits/allocator.h:133:5: note:   template argument deduction/substitution failed:
In file included from ./include/caffe/common.hpp:6:0,
                 from ./include/caffe/blob.hpp:8,
                 from ./include/caffe/data_transformer.hpp:6,
                 from src/caffe/layers/image_data_layer.cpp:10:
/usr/include/glog/logging.h:694:1: note:   mismatched types ‘const std::allocator<_Tp1>’ and ‘const int’
 DEFINE_CHECK_OP_IMPL(Check_EQ, ==)  // Compilation error with CHECK_EQ(NULL, x)?
 ^
In file included from /usr/include/c++/4.8/ext/alloc_traits.h:38:0,
                 from /usr/include/c++/4.8/bits/stl_construct.h:61,
                 from /usr/include/c++/4.8/bits/stl_tempbuf.h:60,
                 from /usr/include/c++/4.8/bits/stl_algo.h:62,
                 from /usr/include/c++/4.8/algorithm:62,
                 from /usr/local/include/opencv2/core/core.hpp:56,
                 from src/caffe/layers/image_data_layer.cpp:2:
/usr/include/c++/4.8/bits/allocator.h:128:5: note: template<class _T1, class _T2> bool std::operator==(const std::allocator<_Tp1>&, const std::allocator<_T2>&)
     operator==(const allocator<_T1>&, const allocator<_T2>&)
     ^
/usr/include/c++/4.8/bits/allocator.h:128:5: note:   template argument deduction/substitution failed:
In file included from ./include/caffe/common.hpp:6:0,
                 from ./include/caffe/blob.hpp:8,
                 from ./include/caffe/data_transformer.hpp:6,
                 from src/caffe/layers/image_data_layer.cpp:10:
/usr/include/glog/logging.h:694:1: note:   mismatched types ‘const std::allocator<_Tp1>’ and ‘const int’
 DEFINE_CHECK_OP_IMPL(Check_EQ, ==)  // Compilation error with CHECK_EQ(NULL, x)?
 ^
In file included from /usr/include/c++/4.8/bits/stl_algobase.h:67:0,
                 from /usr/include/c++/4.8/algorithm:61,
                 from /usr/local/include/opencv2/core/core.hpp:56,
                 from src/caffe/layers/image_data_layer.cpp:2:
/usr/include/c++/4.8/bits/stl_iterator.h:341:5: note: template<class _IteratorL, class _IteratorR> bool std::operator==(const std::reverse_iterator<_Iterator>&, const std::reverse_iterator<_IteratorR>&)
     operator==(const reverse_iterator<_IteratorL>& __x,
     ^
/usr/include/c++/4.8/bits/stl_iterator.h:341:5: note:   template argument deduction/substitution failed:
In file included from ./include/caffe/common.hpp:6:0,
                 from ./include/caffe/blob.hpp:8,
                 from ./include/caffe/data_transformer.hpp:6,
                 from src/caffe/layers/image_data_layer.cpp:10:
/usr/include/glog/logging.h:694:1: note:   mismatched types ‘const std::reverse_iterator<_Iterator>’ and ‘const int’
 DEFINE_CHECK_OP_IMPL(Check_EQ, ==)  // Compilation error with CHECK_EQ(NULL, x)?
 ^
In file included from /usr/include/c++/4.8/bits/stl_algobase.h:67:0,
                 from /usr/include/c++/4.8/algorithm:61,
                 from /usr/local/include/opencv2/core/core.hpp:56,
                 from src/caffe/layers/image_data_layer.cpp:2:
/usr/include/c++/4.8/bits/stl_iterator.h:291:5: note: template<class _Iterator> bool std::operator==(const std::reverse_iterator<_Iterator>&, const std::reverse_iterator<_Iterator>&)
     operator==(const reverse_iterator<_Iterator>& __x,
     ^
/usr/include/c++/4.8/bits/stl_iterator.h:291:5: note:   template argument deduction/substitution failed:
In file included from ./include/caffe/common.hpp:6:0,
                 from ./include/caffe/blob.hpp:8,
                 from ./include/caffe/data_transformer.hpp:6,
                 from src/caffe/layers/image_data_layer.cpp:10:
/usr/include/glog/logging.h:694:1: note:   mismatched types ‘const std::reverse_iterator<_Iterator>’ and ‘const int’
 DEFINE_CHECK_OP_IMPL(Check_EQ, ==)  // Compilation error with CHECK_EQ(NULL, x)?
 ^
In file included from /usr/include/c++/4.8/utility:70:0,
                 from /usr/include/c++/4.8/algorithm:60,
                 from /usr/local/include/opencv2/core/core.hpp:56,
                 from src/caffe/layers/image_data_layer.cpp:2:
/usr/include/c++/4.8/bits/stl_pair.h:214:5: note: template<class _T1, class _T2> bool std::operator==(const std::pair<_T1, _T2>&, const std::pair<_T1, _T2>&)
     operator==(const pair<_T1, _T2>& __x, const pair<_T1, _T2>& __y)
     ^
/usr/include/c++/4.8/bits/stl_pair.h:214:5: note:   template argument deduction/substitution failed:
In file included from ./include/caffe/common.hpp:6:0,
                 from ./include/caffe/blob.hpp:8,
                 from ./include/caffe/data_transformer.hpp:6,
                 from src/caffe/layers/image_data_layer.cpp:10:
/usr/include/glog/logging.h:694:1: note:   mismatched types ‘const std::pair<_T1, _T2>’ and ‘const int’
 DEFINE_CHECK_OP_IMPL(Check_EQ, ==)  // Compilation error with CHECK_EQ(NULL, x)?
 ^
In file included from /usr/include/x86_64-linux-gnu/c++/4.8/bits/c++allocator.h:33:0,
                 from /usr/include/c++/4.8/bits/allocator.h:46,
                 from /usr/include/c++/4.8/ext/alloc_traits.h:38,
                 from /usr/include/c++/4.8/bits/stl_construct.h:61,
                 from /usr/include/c++/4.8/bits/stl_tempbuf.h:60,
                 from /usr/include/c++/4.8/bits/stl_algo.h:62,
                 from /usr/include/c++/4.8/algorithm:62,
                 from /usr/local/include/opencv2/core/core.hpp:56,
                 from src/caffe/layers/image_data_layer.cpp:2:
/usr/include/c++/4.8/ext/new_allocator.h:139:5: note: template<class _Tp> bool __gnu_cxx::operator==(const __gnu_cxx::new_allocator<_Tp>&, const __gnu_cxx::new_allocator<_Tp>&)
     operator==(const new_allocator<_Tp>&, const new_allocator<_Tp>&)
     ^
/usr/include/c++/4.8/ext/new_allocator.h:139:5: note:   template argument deduction/substitution failed:
In file included from ./include/caffe/common.hpp:6:0,
                 from ./include/caffe/blob.hpp:8,
                 from ./include/caffe/data_transformer.hpp:6,
                 from src/caffe/layers/image_data_layer.cpp:10:
/usr/include/glog/logging.h:694:1: note:   mismatched types ‘const __gnu_cxx::new_allocator<_Tp>’ and ‘const int’
 DEFINE_CHECK_OP_IMPL(Check_EQ, ==)  // Compilation error with CHECK_EQ(NULL, x)?
 ^
In file included from /usr/include/c++/4.8/bits/stl_algobase.h:67:0,
                 from /usr/include/c++/4.8/algorithm:61,
                 from /usr/local/include/opencv2/core/core.hpp:56,
                 from src/caffe/layers/image_data_layer.cpp:2:
/usr/include/c++/4.8/bits/stl_iterator.h:811:5: note: template<class _Iterator, class _Container> bool __gnu_cxx::operator==(const __gnu_cxx::__normal_iterator<_Iterator, _Container>&, const __gnu_cxx::__normal_iterator<_Iterator, _Container>&)
     operator==(const __normal_iterator<_Iterator, _Container>& __lhs,
     ^
/usr/include/c++/4.8/bits/stl_iterator.h:811:5: note:   template argument deduction/substitution failed:
In file included from ./include/caffe/common.hpp:6:0,
                 from ./include/caffe/blob.hpp:8,
                 from ./include/caffe/data_transformer.hpp:6,
                 from src/caffe/layers/image_data_layer.cpp:10:
/usr/include/glog/logging.h:694:1: note:   mismatched types ‘const __gnu_cxx::__normal_iterator<_Iterator, _Container>’ and ‘const int’
 DEFINE_CHECK_OP_IMPL(Check_EQ, ==)  // Compilation error with CHECK_EQ(NULL, x)?
 ^
In file included from /usr/include/c++/4.8/bits/stl_algobase.h:67:0,
                 from /usr/include/c++/4.8/algorithm:61,
                 from /usr/local/include/opencv2/core/core.hpp:56,
                 from src/caffe/layers/image_data_layer.cpp:2:
/usr/include/c++/4.8/bits/stl_iterator.h:805:5: note: template<class _IteratorL, class _IteratorR, class _Container> bool __gnu_cxx::operator==(const __gnu_cxx::__normal_iterator<_IteratorL, _Container>&, const __gnu_cxx::__normal_iterator<_IteratorR, _Container>&)
     operator==(const __normal_iterator<_IteratorL, _Container>& __lhs,
     ^
/usr/include/c++/4.8/bits/stl_iterator.h:805:5: note:   template argument deduction/substitution failed:
In file included from ./include/caffe/common.hpp:6:0,
                 from ./include/caffe/blob.hpp:8,
                 from ./include/caffe/data_transformer.hpp:6,
                 from src/caffe/layers/image_data_layer.cpp:10:
/usr/include/glog/logging.h:694:1: note:   mismatched types ‘const __gnu_cxx::__normal_iterator<_IteratorL, _Container>’ and ‘const int’
 DEFINE_CHECK_OP_IMPL(Check_EQ, ==)  // Compilation error with CHECK_EQ(NULL, x)?
 ^
make: *** [.build_release/src/caffe/layers/image_data_layer.o] Error 1
